<?xml version="1.0" encoding="UTF-8"?>
<robot generator="Robot 4.1.3 (Python 3.10.2 on win32)" generated="20220320 10:48:04.258" rpa="false" schemaversion="2">
<suite id="s1" name="Exercício8 Cenarios234" source="C:\emily\Prime\exercício8_cenarios234.robot">
<test id="s1-t1" name="Caso de teste 2: Pesquisar produto não existente">
<kw name="Abrir o navegador" type="SETUP">
<kw name="Open Browser" library="SeleniumLibrary">
<arg>${URL}</arg>
<arg>${BROWSER}</arg>
<doc>Opens a new browser instance to the optional ``url``.</doc>
<msg timestamp="20220320 10:48:04.629" level="INFO">Opening browser 'Chrome' to base url 'http://automationpractice.com/index.php'.</msg>
<status status="PASS" starttime="20220320 10:48:04.628" endtime="20220320 10:48:09.807"/>
</kw>
<status status="PASS" starttime="20220320 10:48:04.628" endtime="20220320 10:48:09.807"/>
</kw>
<kw name="Acessar a página home do site Automation Practice">
<kw name="Title Should Be" library="SeleniumLibrary">
<arg>My Store</arg>
<doc>Verifies that the current page title equals ``title``.</doc>
<msg timestamp="20220320 10:48:09.813" level="INFO">Page title is 'My Store'.</msg>
<status status="PASS" starttime="20220320 10:48:09.808" endtime="20220320 10:48:09.813"/>
</kw>
<status status="PASS" starttime="20220320 10:48:09.808" endtime="20220320 10:48:09.813"/>
</kw>
<kw name="Digitar o nome do produto &quot;itemNãoExistente&quot; no campo de pesquisa" sourcename="Digitar o nome do produto &quot;${PRODUTO}&quot; no campo de pesquisa">
<kw name="Input Text" library="SeleniumLibrary">
<arg>id=search_query_top</arg>
<arg>${PRODUTO}</arg>
<doc>Types the given ``text`` into the text field identified by ``locator``.</doc>
<msg timestamp="20220320 10:48:09.814" level="INFO">Typing text 'itemNãoExistente' into text field 'id=search_query_top'.</msg>
<status status="PASS" starttime="20220320 10:48:09.813" endtime="20220320 10:48:09.890"/>
</kw>
<status status="PASS" starttime="20220320 10:48:09.813" endtime="20220320 10:48:09.890"/>
</kw>
<kw name="Clicar no botão pesquisar">
<kw name="Click Element" library="SeleniumLibrary">
<arg>name=submit_search</arg>
<doc>Click the element identified by ``locator``.</doc>
<msg timestamp="20220320 10:48:09.891" level="INFO">Clicking element 'name=submit_search'.</msg>
<status status="PASS" starttime="20220320 10:48:09.891" endtime="20220320 10:48:09.930"/>
</kw>
<status status="PASS" starttime="20220320 10:48:09.891" endtime="20220320 10:48:09.930"/>
</kw>
<kw name="Conferir mensagem &quot;No results were found for your search &quot;itemNãoExistente&quot;&quot;" sourcename="Conferir mensagem &quot;${ERRO}&quot;">
<kw name="Element Text Should Be" library="SeleniumLibrary">
<arg>${RESULTADO}</arg>
<arg>${ERRO}</arg>
<doc>Verifies that element ``locator`` contains exact the text ``expected``.</doc>
<msg timestamp="20220320 10:48:09.931" level="INFO">Verifying element 'xpath=//p[@class='alert alert-warning']' contains exact text 'No results were found for your search "itemNãoExistente"'.</msg>
<status status="PASS" starttime="20220320 10:48:09.931" endtime="20220320 10:48:10.951"/>
</kw>
<status status="PASS" starttime="20220320 10:48:09.931" endtime="20220320 10:48:10.951"/>
</kw>
<kw name="Fechar o navegador" type="TEARDOWN">
<kw name="Close Browser" library="SeleniumLibrary">
<doc>Closes the current browser.</doc>
<status status="PASS" starttime="20220320 10:48:10.952" endtime="20220320 10:48:13.042"/>
</kw>
<status status="PASS" starttime="20220320 10:48:10.952" endtime="20220320 10:48:13.042"/>
</kw>
<tag>@Teste2</tag>
<status status="PASS" starttime="20220320 10:48:04.628" endtime="20220320 10:48:13.042"/>
</test>
<test id="s1-t2" name="Caso de teste 3: Pesquisar produto não existente">
<kw name="Abrir o navegador" type="SETUP">
<kw name="Open Browser" library="SeleniumLibrary">
<arg>${URL}</arg>
<arg>${BROWSER}</arg>
<doc>Opens a new browser instance to the optional ``url``.</doc>
<msg timestamp="20220320 10:48:13.050" level="INFO">Opening browser 'Chrome' to base url 'http://automationpractice.com/index.php'.</msg>
<status status="PASS" starttime="20220320 10:48:13.049" endtime="20220320 10:48:18.305"/>
</kw>
<status status="PASS" starttime="20220320 10:48:13.048" endtime="20220320 10:48:18.305"/>
</kw>
<kw name="Acessar a página home do site Automation Practice">
<kw name="Title Should Be" library="SeleniumLibrary">
<arg>My Store</arg>
<doc>Verifies that the current page title equals ``title``.</doc>
<msg timestamp="20220320 10:48:18.311" level="INFO">Page title is 'My Store'.</msg>
<status status="PASS" starttime="20220320 10:48:18.306" endtime="20220320 10:48:18.311"/>
</kw>
<status status="PASS" starttime="20220320 10:48:18.305" endtime="20220320 10:48:18.311"/>
</kw>
<kw name="Digitar um produto inexistente no campo de pesquisa">
<kw name="Name" library="FakerLibrary">
<var>${NOME_INEXISTENTE}</var>
<doc>:example 'John Doe'</doc>
<msg timestamp="20220320 10:48:18.312" level="INFO">${NOME_INEXISTENTE} = Samantha Johnson</msg>
<status status="PASS" starttime="20220320 10:48:18.312" endtime="20220320 10:48:18.312"/>
</kw>
<kw name="Input Text" library="SeleniumLibrary">
<arg>name=search_query</arg>
<arg>${NOME_INEXISTENTE}</arg>
<doc>Types the given ``text`` into the text field identified by ``locator``.</doc>
<msg timestamp="20220320 10:48:18.313" level="INFO">Typing text 'Samantha Johnson' into text field 'name=search_query'.</msg>
<status status="PASS" starttime="20220320 10:48:18.312" endtime="20220320 10:48:18.382"/>
</kw>
<kw name="Set Test Variable" library="BuiltIn">
<arg>${NOME_INEXISTENTE}</arg>
<doc>Makes a variable available everywhere within the scope of the current test.</doc>
<msg timestamp="20220320 10:48:18.382" level="INFO">${NOME_INEXISTENTE} = Samantha Johnson</msg>
<status status="PASS" starttime="20220320 10:48:18.382" endtime="20220320 10:48:18.382"/>
</kw>
<status status="PASS" starttime="20220320 10:48:18.311" endtime="20220320 10:48:18.383"/>
</kw>
<kw name="Clicar no botão pesquisar">
<kw name="Click Element" library="SeleniumLibrary">
<arg>name=submit_search</arg>
<doc>Click the element identified by ``locator``.</doc>
<msg timestamp="20220320 10:48:18.383" level="INFO">Clicking element 'name=submit_search'.</msg>
<status status="PASS" starttime="20220320 10:48:18.383" endtime="20220320 10:48:19.814"/>
</kw>
<status status="PASS" starttime="20220320 10:48:18.383" endtime="20220320 10:48:19.814"/>
</kw>
<kw name="Conferir erro com produto aleatorio">
<kw name="Element Text Should Be" library="SeleniumLibrary">
<arg>xpath=//p[@class='alert alert-warning']</arg>
<arg>No results were found for your search "${NOME_INEXISTENTE}"</arg>
<doc>Verifies that element ``locator`` contains exact the text ``expected``.</doc>
<msg timestamp="20220320 10:48:19.815" level="INFO">Verifying element 'xpath=//p[@class='alert alert-warning']' contains exact text 'No results were found for your search "Samantha Johnson"'.</msg>
<status status="PASS" starttime="20220320 10:48:19.815" endtime="20220320 10:48:19.834"/>
</kw>
<kw name="Log To Console" library="BuiltIn">
<arg>O nome aleatorio gerado foi: ${NOME_INEXISTENTE}</arg>
<doc>Logs the given message to the console.</doc>
<status status="PASS" starttime="20220320 10:48:19.834" endtime="20220320 10:48:19.835"/>
</kw>
<status status="PASS" starttime="20220320 10:48:19.814" endtime="20220320 10:48:19.835"/>
</kw>
<kw name="Fechar o navegador" type="TEARDOWN">
<kw name="Close Browser" library="SeleniumLibrary">
<doc>Closes the current browser.</doc>
<status status="PASS" starttime="20220320 10:48:19.835" endtime="20220320 10:48:21.929"/>
</kw>
<status status="PASS" starttime="20220320 10:48:19.835" endtime="20220320 10:48:21.929"/>
</kw>
<tag>@Teste3</tag>
<status status="PASS" starttime="20220320 10:48:13.047" endtime="20220320 10:48:21.929"/>
</test>
<status status="PASS" starttime="20220320 10:48:04.258" endtime="20220320 10:48:21.934"/>
</suite>
<statistics>
<total>
<stat pass="2" fail="0" skip="0">All Tests</stat>
</total>
<tag>
<stat pass="1" fail="0" skip="0">@Teste2</stat>
<stat pass="1" fail="0" skip="0">@Teste3</stat>
</tag>
<suite>
<stat pass="2" fail="0" skip="0" id="s1" name="Exercício8 Cenarios234">Exercício8 Cenarios234</stat>
</suite>
</statistics>
<errors>
</errors>
</robot>
