<?xml version="1.0" encoding="UTF-8"?>
<robot generator="Robot 4.1.3 (Python 3.9.6 on win32)" generated="20220321 16:35:02.002" rpa="false" schemaversion="2">
<suite id="s1" name="Cenarios" source="E:\projects\emily\Prime\Refactoring\testes\features\cenarios.robot">
<test id="s1-t1" name="Caso de teste 2: Pesquisar produto não existente">
<kw name="Abrir o navegador" library="hooks" type="SETUP">
<kw name="Open Browser" library="SeleniumLibrary">
<arg>${URL}</arg>
<arg>${BROWSER}</arg>
<doc>Opens a new browser instance to the optional ``url``.</doc>
<msg timestamp="20220321 16:35:02.928" level="INFO">Opening browser 'Chrome' to base url 'http://automationpractice.com/index.php'.</msg>
<status status="PASS" starttime="20220321 16:35:02.927" endtime="20220321 16:35:11.294"/>
</kw>
<status status="PASS" starttime="20220321 16:35:02.926" endtime="20220321 16:35:11.294"/>
</kw>
<kw name="Acessar a página home do site Automation Practice" library="keywords">
<kw name="Go To" library="SeleniumLibrary">
<arg>${URL}</arg>
<doc>Navigates the current browser window to the provided ``url``.</doc>
<msg timestamp="20220321 16:35:11.297" level="INFO">Opening url 'http://automationpractice.com/index.php'</msg>
<status status="PASS" starttime="20220321 16:35:11.296" endtime="20220321 16:35:13.357"/>
</kw>
<kw name="Title Should Be" library="SeleniumLibrary">
<arg>${TITULO_HOMEPAGE}</arg>
<doc>Verifies that the current page title equals ``title``.</doc>
<msg timestamp="20220321 16:35:13.366" level="INFO">Page title is 'My Store'.</msg>
<status status="PASS" starttime="20220321 16:35:13.357" endtime="20220321 16:35:13.366"/>
</kw>
<status status="PASS" starttime="20220321 16:35:11.296" endtime="20220321 16:35:13.367"/>
</kw>
<kw name="Digitar o nome do produto &quot;itemNãoExistente&quot; no campo de pesquisa" library="keywords" sourcename="Digitar o nome do produto &quot;${PRODUTO}&quot; no campo de pesquisa">
<kw name="Input Text" library="SeleniumLibrary">
<arg>${CAIXA_PESQUISA}</arg>
<arg>${PRODUTO}</arg>
<doc>Types the given ``text`` into the text field identified by ``locator``.</doc>
<msg timestamp="20220321 16:35:13.368" level="INFO">Typing text 'itemNãoExistente' into text field 'name=search_query'.</msg>
<status status="PASS" starttime="20220321 16:35:13.368" endtime="20220321 16:35:13.494"/>
</kw>
<kw name="Capture Page Screenshot" library="SeleniumLibrary">
<doc>Takes a screenshot of the current page and embeds it into a log file.</doc>
<msg timestamp="20220321 16:35:14.001" level="INFO" html="true">&lt;/td&gt;&lt;/tr&gt;&lt;tr&gt;&lt;td colspan="3"&gt;&lt;a href="selenium-screenshot-1.png"&gt;&lt;img src="selenium-screenshot-1.png" width="800px"&gt;&lt;/a&gt;</msg>
<status status="PASS" starttime="20220321 16:35:13.494" endtime="20220321 16:35:14.002"/>
</kw>
<status status="PASS" starttime="20220321 16:35:13.367" endtime="20220321 16:35:14.003"/>
</kw>
<kw name="Clicar no botão pesquisar" library="keywords">
<kw name="Click Element" library="SeleniumLibrary">
<arg>${BOTAO_PESQUISA}</arg>
<doc>Click the element identified by ``locator``.</doc>
<msg timestamp="20220321 16:35:14.009" level="INFO">Clicking element 'name=submit_search'.</msg>
<status status="PASS" starttime="20220321 16:35:14.007" endtime="20220321 16:35:20.562"/>
</kw>
<status status="PASS" starttime="20220321 16:35:14.004" endtime="20220321 16:35:20.563"/>
</kw>
<kw name="Conferir mensagem &quot;No results were found for your search &quot;itemNãoExistente&quot;&quot;" library="keywords" sourcename="Conferir mensagem &quot;${ERRO}&quot;">
<kw name="Element Text Should Be" library="SeleniumLibrary">
<arg>${RESULTADO}</arg>
<arg>${ERRO}</arg>
<doc>Verifies that element ``locator`` contains exact the text ``expected``.</doc>
<msg timestamp="20220321 16:35:20.567" level="INFO">Verifying element 'xpath=//p[@class='alert alert-warning']' contains exact text 'No results were found for your search "itemNãoExistente"'.</msg>
<status status="PASS" starttime="20220321 16:35:20.566" endtime="20220321 16:35:20.610"/>
</kw>
<status status="PASS" starttime="20220321 16:35:20.565" endtime="20220321 16:35:20.610"/>
</kw>
<kw name="Fechar o navegador" library="hooks" type="TEARDOWN">
<kw name="Close Browser" library="SeleniumLibrary">
<doc>Closes the current browser.</doc>
<status status="PASS" starttime="20220321 16:35:20.612" endtime="20220321 16:35:22.773"/>
</kw>
<status status="PASS" starttime="20220321 16:35:20.612" endtime="20220321 16:35:22.774"/>
</kw>
<tag>@Teste2</tag>
<status status="PASS" starttime="20220321 16:35:02.925" endtime="20220321 16:35:22.775"/>
</test>
<test id="s1-t2" name="Caso de teste 3: Pesquisar produto não existente">
<kw name="Abrir o navegador" library="hooks" type="SETUP">
<kw name="Open Browser" library="SeleniumLibrary">
<arg>${URL}</arg>
<arg>${BROWSER}</arg>
<doc>Opens a new browser instance to the optional ``url``.</doc>
<msg timestamp="20220321 16:35:22.787" level="INFO">Opening browser 'Chrome' to base url 'http://automationpractice.com/index.php'.</msg>
<status status="PASS" starttime="20220321 16:35:22.785" endtime="20220321 16:35:32.681"/>
</kw>
<status status="PASS" starttime="20220321 16:35:22.783" endtime="20220321 16:35:32.682"/>
</kw>
<kw name="Acessar a página home do site Automation Practice" library="keywords">
<kw name="Go To" library="SeleniumLibrary">
<arg>${URL}</arg>
<doc>Navigates the current browser window to the provided ``url``.</doc>
<msg timestamp="20220321 16:35:32.683" level="INFO">Opening url 'http://automationpractice.com/index.php'</msg>
<status status="PASS" starttime="20220321 16:35:32.683" endtime="20220321 16:35:39.776"/>
</kw>
<kw name="Title Should Be" library="SeleniumLibrary">
<arg>${TITULO_HOMEPAGE}</arg>
<doc>Verifies that the current page title equals ``title``.</doc>
<msg timestamp="20220321 16:35:39.783" level="INFO">Page title is 'My Store'.</msg>
<status status="PASS" starttime="20220321 16:35:39.777" endtime="20220321 16:35:39.784"/>
</kw>
<status status="PASS" starttime="20220321 16:35:32.682" endtime="20220321 16:35:39.784"/>
</kw>
<kw name="Digitar um produto inexistente no campo de pesquisa" library="keywords">
<kw name="Name" library="FakerLibrary">
<var>${NOME_INEXISTENTE}</var>
<doc>:example 'John Doe'</doc>
<msg timestamp="20220321 16:35:39.786" level="INFO">${NOME_INEXISTENTE} = Jason Johnson</msg>
<status status="PASS" starttime="20220321 16:35:39.785" endtime="20220321 16:35:39.786"/>
</kw>
<kw name="Input Text" library="SeleniumLibrary">
<arg>${CAIXA_PESQUISA}</arg>
<arg>${NOME_INEXISTENTE}</arg>
<doc>Types the given ``text`` into the text field identified by ``locator``.</doc>
<msg timestamp="20220321 16:35:39.788" level="INFO">Typing text 'Jason Johnson' into text field 'name=search_query'.</msg>
<status status="PASS" starttime="20220321 16:35:39.788" endtime="20220321 16:35:39.918"/>
</kw>
<kw name="Set Test Variable" library="BuiltIn">
<arg>${NOME_INEXISTENTE}</arg>
<doc>Makes a variable available everywhere within the scope of the current test.</doc>
<msg timestamp="20220321 16:35:39.920" level="INFO">${NOME_INEXISTENTE} = Jason Johnson</msg>
<status status="PASS" starttime="20220321 16:35:39.919" endtime="20220321 16:35:39.920"/>
</kw>
<status status="PASS" starttime="20220321 16:35:39.785" endtime="20220321 16:35:39.920"/>
</kw>
<kw name="Clicar no botão pesquisar" library="keywords">
<kw name="Click Element" library="SeleniumLibrary">
<arg>${BOTAO_PESQUISA}</arg>
<doc>Click the element identified by ``locator``.</doc>
<msg timestamp="20220321 16:35:39.922" level="INFO">Clicking element 'name=submit_search'.</msg>
<status status="PASS" starttime="20220321 16:35:39.922" endtime="20220321 16:35:48.106"/>
</kw>
<status status="PASS" starttime="20220321 16:35:39.921" endtime="20220321 16:35:48.106"/>
</kw>
<kw name="Conferir erro com produto aleatorio" library="keywords">
<kw name="Element Text Should Be" library="SeleniumLibrary">
<arg>xpath=//p[@class='alert alert-warning']</arg>
<arg>No results were found for your search "${NOME_INEXISTENTE}"</arg>
<doc>Verifies that element ``locator`` contains exact the text ``expected``.</doc>
<msg timestamp="20220321 16:35:48.109" level="INFO">Verifying element 'xpath=//p[@class='alert alert-warning']' contains exact text 'No results were found for your search "Jason Johnson"'.</msg>
<status status="PASS" starttime="20220321 16:35:48.108" endtime="20220321 16:35:48.147"/>
</kw>
<kw name="Log To Console" library="BuiltIn">
<arg>O nome aleatorio gerado foi: ${NOME_INEXISTENTE}</arg>
<doc>Logs the given message to the console.</doc>
<status status="PASS" starttime="20220321 16:35:48.147" endtime="20220321 16:35:48.149"/>
</kw>
<status status="PASS" starttime="20220321 16:35:48.106" endtime="20220321 16:35:48.149"/>
</kw>
<kw name="Fechar o navegador" library="hooks" type="TEARDOWN">
<kw name="Close Browser" library="SeleniumLibrary">
<doc>Closes the current browser.</doc>
<status status="PASS" starttime="20220321 16:35:48.152" endtime="20220321 16:35:50.338"/>
</kw>
<status status="PASS" starttime="20220321 16:35:48.150" endtime="20220321 16:35:50.338"/>
</kw>
<tag>@Teste3</tag>
<status status="PASS" starttime="20220321 16:35:22.780" endtime="20220321 16:35:50.339"/>
</test>
<status status="PASS" starttime="20220321 16:35:02.006" endtime="20220321 16:35:50.345"/>
</suite>
<statistics>
<total>
<stat pass="2" fail="0" skip="0">All Tests</stat>
</total>
<tag>
<stat pass="1" fail="0" skip="0">@Teste2</stat>
<stat pass="1" fail="0" skip="0">@Teste3</stat>
</tag>
<suite>
<stat pass="2" fail="0" skip="0" id="s1" name="Cenarios">Cenarios</stat>
</suite>
</statistics>
<errors>
</errors>
</robot>
